<?xml version="1.0" encoding="UTF-8"?>
<!-- Generated by org.testng.reporters.JUnitReportReporter -->
<testsuite hostname="DESKTOP-MMIQK27" failures="0" tests="4" name="TestNG.day3" time="0.003" errors="0" timestamp="2023-05-08T17:18:50 IST" skipped="0">
  <testcase classname="TestNG.day3" name="MobileLogin" time="0.000"/>
  <system-out/>
  <testcase classname="TestNG.day3" name="Mobile" time="0.001"/>
  <system-out/>
  <testcase classname="TestNG.day3" name="Mobile" time="0.001"/>
  <system-out/>
  <testcase classname="TestNG.day3" name="Mobile" time="0.001"/>
  <system-out/>
</testsuite> <!-- TestNG.day3 -->
