<?xml version="1.0" encoding="UTF-8"?>
<!-- Generated by org.testng.reporters.JUnitReportReporter -->
<testsuite hostname="DESKTOP-MMIQK27" failures="0" tests="2" name="TestNG.day3" time="0.002" errors="0" timestamp="2023-05-05T17:15:33 IST" skipped="0">
  <testcase classname="TestNG.day3" name="MobileLogin" time="0.001"/>
  <system-out/>
  <testcase classname="TestNG.day3" name="MobileLogout" time="0.001"/>
  <system-out/>
</testsuite> <!-- TestNG.day3 -->
