<?xml version="1.0" encoding="UTF-8"?>
<!-- Generated by org.testng.reporters.JUnitReportReporter -->
<testsuite hostname="DESKTOP-MMIQK27" failures="0" tests="3" name="TestNG.day4" time="0.003" errors="0" timestamp="2023-05-05T17:19:16 IST" skipped="0">
  <testcase classname="TestNG.day4" name="Login2" time="0.001"/>
  <system-out/>
  <testcase classname="TestNG.day4" name="Login" time="0.001"/>
  <system-out/>
  <testcase classname="TestNG.day4" name="Login3" time="0.001"/>
  <system-out/>
</testsuite> <!-- TestNG.day4 -->
