<?xml version="1.0" encoding="UTF-8"?>
<!-- Generated by org.testng.reporters.JUnitReportReporter -->
<testsuite hostname="DESKTOP-MMIQK27" failures="0" tests="1" name="TestNG.TestNG_Introduction" time="8.977" errors="0" timestamp="2023-05-20T22:49:04 IST" skipped="0">
  <testcase classname="TestNG.TestNG_Introduction" name="demo" time="8.977"/>
  <system-out/>
</testsuite> <!-- TestNG.TestNG_Introduction -->
