<?xml version="1.0" encoding="UTF-8"?>
<!-- Generated by org.testng.reporters.JUnitReportReporter -->
<testsuite hostname="DESKTOP-MMIQK27" failures="0" tests="1" name="TestNG.day1" time="0.007" errors="0" timestamp="2023-05-05T17:19:16 IST" skipped="0">
  <testcase classname="TestNG.day1" name="daym" time="0.007"/>
  <system-out/>
</testsuite> <!-- TestNG.day1 -->
