<?xml version="1.0" encoding="UTF-8"?>
<!-- Generated by org.testng.reporters.JUnitReportReporter -->
<testsuite hostname="DESKTOP-MMIQK27" failures="0" tests="2" name="TestNG.day4" time="0.002" errors="0" timestamp="2023-05-08T17:18:50 IST" skipped="1">
  <testcase classname="TestNG.day4" name="Login3" time="0.002"/>
  <system-out/>
  <testcase classname="TestNG.day4" name="Login">
    <skipped/>
  </testcase> <!-- Login -->
  <system-out/>
</testsuite> <!-- TestNG.day4 -->
