<?xml version="1.0" encoding="UTF-8"?>
<!-- Generated by org.testng.reporters.JUnitReportReporter -->
<testsuite hostname="DESKTOP-MMIQK27" failures="0" tests="1" name="TestNG.TestNG_Introduction" time="3.493" errors="0" timestamp="2023-05-05T17:08:51 IST" skipped="0">
  <testcase classname="TestNG.TestNG_Introduction" name="demo" time="3.493"/>
  <system-out/>
</testsuite> <!-- TestNG.TestNG_Introduction -->
