<?xml version="1.0" encoding="UTF-8"?>
<!-- Generated by org.testng.reporters.JUnitReportReporter -->
<testsuite hostname="DESKTOP-MMIQK27" failures="0" tests="1" name="TestNG.day2" time="0.001" errors="0" timestamp="2023-05-08T17:18:50 IST" skipped="0">
  <testcase classname="TestNG.day2" name="Login2" time="0.001"/>
  <system-out/>
</testsuite> <!-- TestNG.day2 -->
