<?xml version="1.0" encoding="UTF-8"?>
<!-- Generated by org.testng.reporters.JUnitReportReporter -->
<testsuite hostname="DESKTOP-MMIQK27" failures="0" tests="2" name="TestNG.day1" time="0.005" errors="0" timestamp="2023-05-08T17:18:50 IST" skipped="0">
  <testcase classname="TestNG.day1" name="daym" time="0.004"/>
  <system-out/>
  <testcase classname="TestNG.day1" name="day" time="0.001"/>
  <system-out/>
</testsuite> <!-- TestNG.day1 -->
