<?xml version="1.0" encoding="UTF-8"?>
<!-- Generated by org.testng.reporters.JUnitReportReporter -->
<testsuite hostname="DESKTOP-MMIQK27" failures="0" tests="2" name="TestNG.day2" time="0.001" errors="0" timestamp="2023-05-05T17:19:16 IST" skipped="0">
  <testcase classname="TestNG.day2" name="Login2" time="0.001"/>
  <system-out/>
  <testcase classname="TestNG.day2" name="Login" time="0.000"/>
  <system-out/>
</testsuite> <!-- TestNG.day2 -->
